/var/www/websocket/start.sh: 2: /var/www/websocket/start.sh: : not found
/var/www/websocket/start.sh: 3: /var/www/websocket/start.sh: : not found
PHP Warning:  require(../html/vendor/autoload.php): failed to open stream: No such file or directory in /var/www/websocket/server.php on line 6
PHP Fatal error:  require(): Failed opening required '../html/vendor/autoload.php' (include_path='.:/usr/share/php') in /var/www/websocket/server.php on line 6
/var/www/websocket/start.sh: 2: /var/www/websocket/start.sh: : not found
/var/www/websocket/start.sh: 3: /var/www/websocket/start.sh: : not found
PHP Warning:  require(../html/vendor/autoload.php): failed to open stream: No such file or directory in /var/www/websocket/server.php on line 6
PHP Fatal error:  require(): Failed opening required '../html/vendor/autoload.php' (include_path='.:/usr/share/php') in /var/www/websocket/server.php on line 6
/var/www/websocket/start.sh: 2: /var/www/websocket/start.sh: : not found
/var/www/websocket/start.sh: 3: /var/www/websocket/start.sh: : not found
New connection! ( 47 ) 
Connection 47 has disconnected 
New connection! ( 78 ) 
Connection 78 has disconnected 
New connection! ( 81 ) 
Connection 81 has disconnected 
New connection! ( 84 ) 
New connection! ( 87 ) 
Connection 87 has disconnected 
Connection 84 has disconnected 
/var/www/websocket/start.sh: 2: /var/www/websocket/start.sh: : not found
/var/www/websocket/start.sh: 3: /var/www/websocket/start.sh: : not found
PHP Fatal error:  Uncaught RuntimeException: Failed to listen on "tcp://0.0.0.0:8000": Address already in use in /var/www/vendor/react/socket/src/TcpServer.php:164
Stack trace:
#0 /var/www/vendor/react/socket/src/Server.php(36): React\Socket\TcpServer->__construct('tcp://0.0.0.0:8...', Object(React\EventLoop\StreamSelectLoop), Array)
#1 /var/www/vendor/cboden/ratchet/src/Ratchet/Server/IoServer.php(59): React\Socket\Server->__construct('0.0.0.0:8000', Object(React\EventLoop\StreamSelectLoop))
#2 /var/www/websocket/server.php(17): Ratchet\Server\IoServer::factory(Object(Ratchet\Http\HttpServer), 8000)
#3 {main}
  thrown in /var/www/vendor/react/socket/src/TcpServer.php on line 164
New connection! ( 90 ) 
New connection! ( 93 ) 
New connection! ( 96 ) 
Connection 96 has disconnected 
New connection! ( 99 ) 
New connection! ( 102 ) 
Connection 102 has disconnected 
New connection! ( 105 ) 
Connection 105 has disconnected 
New connection! ( 108 ) 
Connection 93 has disconnected 
New connection! ( 111 ) 
Connection 111 has disconnected 
New connection! ( 114 ) 
Connection 114 has disconnected 
New connection! ( 117 ) 
Connection 99 has disconnected 
New connection! ( 120 ) 
Connection 108 has disconnected 
New connection! ( 123 ) 
Connection 123 has disconnected 
New connection! ( 126 ) 
Connection 126 has disconnected 
New connection! ( 129 ) 
Connection 129 has disconnected 
New connection! ( 132 ) 
Connection 120 has disconnected 
New connection! ( 135 ) 
Connection 132 has disconnected 
New connection! ( 138 ) 
Connection 138 has disconnected 
New connection! ( 141 ) 
Connection 141 has disconnected 
New connection! ( 144 ) 
Connection 144 has disconnected 
New connection! ( 147 ) 
Connection 147 has disconnected 
New connection! ( 150 ) 
Connection 150 has disconnected 
New connection! ( 153 ) 
Connection 153 has disconnected 
New connection! ( 156 ) 
Connection 135 has disconnected 
New connection! ( 159 ) 
Connection 156 has disconnected 
New connection! ( 162 ) 
Connection 159 has disconnected 
Connection 162 has disconnected 
New connection! ( 165 ) 
Connection 117 has disconnected 
New connection! ( 168 ) 
Connection 168 has disconnected 
New connection! ( 171 ) 
Connection 171 has disconnected 
New connection! ( 174 ) 
Connection 174 has disconnected 
New connection! ( 177 ) 
Connection 165 has disconnected 
New connection! ( 180 ) 
Connection 177 has disconnected 
New connection! ( 183 ) 
Connection 180 has disconnected 
New connection! ( 186 ) 
Connection 186 has disconnected 
New connection! ( 189 ) 
Connection 183 has disconnected 
New connection! ( 192 ) 
Connection 192 has disconnected 
New connection! ( 195 ) 
Connection 195 has disconnected 
New connection! ( 198 ) 
Connection 198 has disconnected 
New connection! ( 201 ) 
Connection 201 has disconnected 
New connection! ( 204 ) 
Connection 204 has disconnected 
New connection! ( 207 ) 
Connection 207 has disconnected 
New connection! ( 210 ) 
Connection 210 has disconnected 
New connection! ( 213 ) 
Connection 213 has disconnected 
New connection! ( 216 ) 
Connection 216 has disconnected 
New connection! ( 219 ) 
Connection 219 has disconnected 
New connection! ( 222 ) 
Connection 222 has disconnected 
New connection! ( 225 ) 
Connection 225 has disconnected 
New connection! ( 228 ) 
Connection 228 has disconnected 
New connection! ( 231 ) 
Connection 231 has disconnected 
New connection! ( 234 ) 
Connection 234 has disconnected 
New connection! ( 237 ) 
Connection 237 has disconnected 
New connection! ( 240 ) 
Connection 240 has disconnected 
New connection! ( 243 ) 
Connection 243 has disconnected 
New connection! ( 246 ) 
Connection 246 has disconnected 
New connection! ( 249 ) 
Connection 249 has disconnected 
New connection! ( 252 ) 
Connection 252 has disconnected 
New connection! ( 255 ) 
Connection 255 has disconnected 
New connection! ( 258 ) 
Connection 258 has disconnected 
New connection! ( 261 ) 
Connection 261 has disconnected 
New connection! ( 264 ) 
Connection 264 has disconnected 
New connection! ( 267 ) 
Connection 267 has disconnected 
New connection! ( 270 ) 
Connection 270 has disconnected 
New connection! ( 273 ) 
Connection 273 has disconnected 
New connection! ( 276 ) 
Connection 276 has disconnected 
New connection! ( 279 ) 
Connection 279 has disconnected 
New connection! ( 282 ) 
Connection 189 has disconnected 
New connection! ( 285 ) 
Connection 282 has disconnected 
New connection! ( 288 ) 
Connection 285 has disconnected 
New connection! ( 291 ) 
Connection 288 has disconnected 
New connection! ( 294 ) 
Connection 291 has disconnected 
New connection! ( 297 ) 
Connection 297 has disconnected 
New connection! ( 300 ) 
Connection 300 has disconnected 
New connection! ( 303 ) 
Connection 303 has disconnected 
New connection! ( 306 ) 
Connection 306 has disconnected 
New connection! ( 309 ) 
Connection 294 has disconnected 
New connection! ( 312 ) 
Connection 312 has disconnected 
New connection! ( 315 ) 
Connection 315 has disconnected 
New connection! ( 318 ) 
Connection 318 has disconnected 
New connection! ( 321 ) 
Connection 321 has disconnected 
New connection! ( 324 ) 
Connection 324 has disconnected 
Connection 90 has disconnected 
New connection! ( 327 ) 
Connection 327 has disconnected 
New connection! ( 330 ) 
Connection 309 has disconnected 
New connection! ( 333 ) 
Connection 333 has disconnected 
New connection! ( 336 ) 
Connection 336 has disconnected 
New connection! ( 339 ) 
Connection 339 has disconnected 
New connection! ( 342 ) 
Connection 330 has disconnected 
New connection! ( 345 ) 
Connection 345 has disconnected 
New connection! ( 348 ) 
Connection 348 has disconnected 
New connection! ( 351 ) 
Connection 351 has disconnected 
New connection! ( 354 ) 
Connection 354 has disconnected 
New connection! ( 357 ) 
Connection 357 has disconnected 
New connection! ( 360 ) 
Connection 360 has disconnected 
New connection! ( 363 ) 
Connection 363 has disconnected 
New connection! ( 366 ) 
Connection 342 has disconnected 
New connection! ( 369 ) 
Connection 369 has disconnected 
New connection! ( 372 ) 
Connection 372 has disconnected 
New connection! ( 375 ) 
Connection 375 has disconnected 
New connection! ( 378 ) 
Connection 378 has disconnected 
New connection! ( 381 ) 
Connection 381 has disconnected 
New connection! ( 384 ) 
Connection 384 has disconnected 
New connection! ( 387 ) 
Connection 387 has disconnected 
New connection! ( 390 ) 
Connection 390 has disconnected 
New connection! ( 393 ) 
Connection 393 has disconnected 
New connection! ( 396 ) 
Connection 396 has disconnected 
New connection! ( 399 ) 
Connection 399 has disconnected 
New connection! ( 402 ) 
/var/www/websocket/start.sh: 2: /var/www/websocket/start.sh: : not found
/var/www/websocket/start.sh: 3: /var/www/websocket/start.sh: : not found
PHP Fatal error:  Uncaught RuntimeException: Failed to listen on "tcp://0.0.0.0:8000": Address already in use in /var/www/vendor/react/socket/src/TcpServer.php:164
Stack trace:
#0 /var/www/vendor/react/socket/src/Server.php(36): React\Socket\TcpServer->__construct('tcp://0.0.0.0:8...', Object(React\EventLoop\StreamSelectLoop), Array)
#1 /var/www/vendor/cboden/ratchet/src/Ratchet/Server/IoServer.php(59): React\Socket\Server->__construct('0.0.0.0:8000', Object(React\EventLoop\StreamSelectLoop))
#2 /var/www/websocket/server.php(17): Ratchet\Server\IoServer::factory(Object(Ratchet\Http\HttpServer), 8000)
#3 {main}
  thrown in /var/www/vendor/react/socket/src/TcpServer.php on line 164
Connection 402 has disconnected 
New connection! ( 405 ) 
Connection 405 has disconnected 
New connection! ( 408 ) 
Connection 408 has disconnected 
New connection! ( 411 ) 
Connection 411 has disconnected 
New connection! ( 414 ) 
Connection 414 has disconnected 
New connection! ( 417 ) 
Connection 417 has disconnected 
New connection! ( 420 ) 
Connection 420 has disconnected 
New connection! ( 423 ) 
Connection 423 has disconnected 
New connection! ( 426 ) 
Connection 426 has disconnected 
New connection! ( 429 ) 
/var/www/websocket/start.sh: 2: /var/www/websocket/start.sh: : not found
/var/www/websocket/start.sh: 3: /var/www/websocket/start.sh: : not found
PHP Fatal error:  Uncaught RuntimeException: Failed to listen on "tcp://0.0.0.0:8000": Address already in use in /var/www/vendor/react/socket/src/TcpServer.php:164
Stack trace:
#0 /var/www/vendor/react/socket/src/Server.php(36): React\Socket\TcpServer->__construct('tcp://0.0.0.0:8...', Object(React\EventLoop\StreamSelectLoop), Array)
#1 /var/www/vendor/cboden/ratchet/src/Ratchet/Server/IoServer.php(59): React\Socket\Server->__construct('0.0.0.0:8000', Object(React\EventLoop\StreamSelectLoop))
#2 /var/www/websocket/server.php(17): Ratchet\Server\IoServer::factory(Object(Ratchet\Http\HttpServer), 8000)
#3 {main}
  thrown in /var/www/vendor/react/socket/src/TcpServer.php on line 164
Connection 429 has disconnected 
New connection! ( 432 ) 
Connection 432 has disconnected 
New connection! ( 435 ) 
/var/www/websocket/start.sh: 2: /var/www/websocket/start.sh: : not found
/var/www/websocket/start.sh: 3: /var/www/websocket/start.sh: : not found
New connection! ( 47 ) 
Connection 47 has disconnected 
New connection! ( 78 ) 
Connection 78 has disconnected 
New connection! ( 81 ) 
Connection 81 has disconnected 
New connection! ( 84 ) 
Connection 84 has disconnected 
New connection! ( 87 ) 
Connection 87 has disconnected 
New connection! ( 90 ) 
Connection 90 has disconnected 
New connection! ( 93 ) 
Connection 93 has disconnected 
New connection! ( 96 ) 
/var/www/websocket/start.sh: 2: /var/www/websocket/start.sh: : not found
/var/www/websocket/start.sh: 3: /var/www/websocket/start.sh: : not found
New connection! ( 47 ) 
New connection! ( 78 ) 
Connection 47 has disconnected 
Connection 78 has disconnected 
New connection! ( 81 ) 
Connection 81 has disconnected 
New connection! ( 84 ) 
Connection 84 has disconnected 
New connection! ( 87 ) 
Connection 87 has disconnected 
New connection! ( 90 ) 
Connection 90 has disconnected 
New connection! ( 93 ) 
Connection 93 has disconnected 
New connection! ( 96 ) 
Connection 96 has disconnected 
New connection! ( 99 ) 
Connection 99 has disconnected 
New connection! ( 102 ) 
Connection 102 has disconnected 
New connection! ( 105 ) 
Connection 105 has disconnected 
New connection! ( 108 ) 
Connection 108 has disconnected 
New connection! ( 111 ) 
Connection 111 has disconnected 
New connection! ( 114 ) 
Connection 114 has disconnected 
New connection! ( 117 ) 
Connection 117 has disconnected 
New connection! ( 120 ) 
Connection 120 has disconnected 
New connection! ( 123 ) 
Connection 123 has disconnected 
New connection! ( 126 ) 
Connection 126 has disconnected 
New connection! ( 129 ) 
Connection 129 has disconnected 
New connection! ( 132 ) 
Connection 132 has disconnected 
New connection! ( 135 ) 
Connection 135 has disconnected 
New connection! ( 138 ) 
Connection 138 has disconnected 
New connection! ( 141 ) 
Connection 141 has disconnected 
New connection! ( 144 ) 
Connection 144 has disconnected 
New connection! ( 147 ) 
Connection 147 has disconnected 
New connection! ( 150 ) 
Connection 150 has disconnected 
New connection! ( 153 ) 
Connection 153 has disconnected 
New connection! ( 156 ) 
Connection 156 has disconnected 
New connection! ( 159 ) 
Connection 159 has disconnected 
New connection! ( 162 ) 
Connection 162 has disconnected 
New connection! ( 165 ) 
Connection 165 has disconnected 
New connection! ( 168 ) 
Connection 168 has disconnected 
New connection! ( 171 ) 
Connection 171 has disconnected 
New connection! ( 174 ) 
Connection 174 has disconnected 
New connection! ( 177 ) 
Connection 177 has disconnected 
New connection! ( 180 ) 
Connection 180 has disconnected 
New connection! ( 183 ) 
Connection 183 has disconnected 
New connection! ( 186 ) 
Connection 186 has disconnected 
New connection! ( 189 ) 
Connection 189 has disconnected 
New connection! ( 192 ) 
Connection 192 has disconnected 
New connection! ( 195 ) 
Connection 195 has disconnected 
New connection! ( 198 ) 
Connection 198 has disconnected 
New connection! ( 201 ) 
Connection 201 has disconnected 
New connection! ( 204 ) 
Connection 204 has disconnected 
New connection! ( 207 ) 
Connection 207 has disconnected 
New connection! ( 210 ) 
Connection 210 has disconnected 
New connection! ( 213 ) 
Connection 213 has disconnected 
New connection! ( 216 ) 
Connection 216 has disconnected 
New connection! ( 219 ) 
Connection 219 has disconnected 
New connection! ( 222 ) 
Connection 222 has disconnected 
New connection! ( 225 ) 
Connection 225 has disconnected 
New connection! ( 228 ) 
Connection 228 has disconnected 
New connection! ( 231 ) 
Connection 231 has disconnected 
New connection! ( 234 ) 
Connection 234 has disconnected 
New connection! ( 237 ) 
Connection 237 has disconnected 
New connection! ( 240 ) 
Connection 240 has disconnected 
New connection! ( 243 ) 
Connection 243 has disconnected 
New connection! ( 246 ) 
Connection 246 has disconnected 
New connection! ( 249 ) 
Connection 249 has disconnected 
New connection! ( 252 ) 
Connection 252 has disconnected 
New connection! ( 255 ) 
Connection 255 has disconnected 
New connection! ( 258 ) 
Connection 258 has disconnected 
New connection! ( 261 ) 
Connection 261 has disconnected 
New connection! ( 264 ) 
Connection 264 has disconnected 
New connection! ( 267 ) 
Connection 267 has disconnected 
New connection! ( 270 ) 
Connection 270 has disconnected 
New connection! ( 273 ) 
Connection 273 has disconnected 
New connection! ( 276 ) 
Connection 276 has disconnected 
New connection! ( 279 ) 
Connection 279 has disconnected 
New connection! ( 282 ) 
Connection 282 has disconnected 
New connection! ( 285 ) 
Connection 285 has disconnected 
New connection! ( 288 ) 
Connection 288 has disconnected 
New connection! ( 291 ) 
Connection 291 has disconnected 
New connection! ( 294 ) 
Connection 294 has disconnected 
New connection! ( 297 ) 
Connection 297 has disconnected 
New connection! ( 300 ) 
Connection 300 has disconnected 
New connection! ( 303 ) 
Connection 303 has disconnected 
New connection! ( 306 ) 
Connection 306 has disconnected 
New connection! ( 309 ) 
Connection 309 has disconnected 
New connection! ( 312 ) 
Connection 312 has disconnected 
New connection! ( 315 ) 
Connection 315 has disconnected 
New connection! ( 318 ) 
Connection 318 has disconnected 
New connection! ( 321 ) 
Connection 321 has disconnected 
New connection! ( 324 ) 
Connection 324 has disconnected 
New connection! ( 327 ) 
Connection 327 has disconnected 
New connection! ( 330 ) 
Connection 330 has disconnected 
New connection! ( 333 ) 
Connection 333 has disconnected 
New connection! ( 336 ) 
Connection 336 has disconnected 
New connection! ( 339 ) 
Connection 339 has disconnected 
New connection! ( 342 ) 
Connection 342 has disconnected 
New connection! ( 345 ) 
Connection 345 has disconnected 
New connection! ( 348 ) 
Connection 348 has disconnected 
New connection! ( 351 ) 
Connection 351 has disconnected 
New connection! ( 354 ) 
Connection 354 has disconnected 
New connection! ( 357 ) 
Connection 357 has disconnected 
New connection! ( 360 ) 
Connection 360 has disconnected 
New connection! ( 363 ) 
Connection 363 has disconnected 
New connection! ( 366 ) 
Connection 366 has disconnected 
New connection! ( 369 ) 
Connection 369 has disconnected 
New connection! ( 372 ) 
Connection 372 has disconnected 
New connection! ( 375 ) 
Connection 375 has disconnected 
New connection! ( 378 ) 
Connection 378 has disconnected 
New connection! ( 381 ) 
Connection 381 has disconnected 
New connection! ( 384 ) 
Connection 384 has disconnected 
New connection! ( 387 ) 
Connection 387 has disconnected 
New connection! ( 390 ) 
Connection 390 has disconnected 
New connection! ( 393 ) 
Connection 393 has disconnected 
New connection! ( 396 ) 
Connection 396 has disconnected 
New connection! ( 399 ) 
Connection 399 has disconnected 
New connection! ( 402 ) 
Connection 402 has disconnected 
New connection! ( 405 ) 
Connection 405 has disconnected 
New connection! ( 408 ) 
Connection 408 has disconnected 
New connection! ( 411 ) 
Connection 411 has disconnected 
New connection! ( 414 ) 
Connection 414 has disconnected 
New connection! ( 417 ) 
Connection 417 has disconnected 
New connection! ( 420 ) 
Connection 420 has disconnected 
New connection! ( 423 ) 
Connection 423 has disconnected 
New connection! ( 426 ) 
Connection 426 has disconnected 
New connection! ( 429 ) 
Connection 429 has disconnected 
New connection! ( 432 ) 
Connection 432 has disconnected 
New connection! ( 435 ) 
Connection 435 has disconnected 
New connection! ( 438 ) 
Connection 438 has disconnected 
New connection! ( 441 ) 
Connection 441 has disconnected 
New connection! ( 444 ) 
Connection 444 has disconnected 
New connection! ( 447 ) 
Connection 447 has disconnected 
New connection! ( 450 ) 
Connection 450 has disconnected 
New connection! ( 453 ) 
Connection 453 has disconnected 
New connection! ( 456 ) 
Connection 456 has disconnected 
New connection! ( 459 ) 
Connection 459 has disconnected 
New connection! ( 462 ) 
Connection 462 has disconnected 
New connection! ( 465 ) 
Connection 465 has disconnected 
New connection! ( 468 ) 
Connection 468 has disconnected 
New connection! ( 471 ) 
Connection 471 has disconnected 
New connection! ( 474 ) 
Connection 474 has disconnected 
New connection! ( 477 ) 
Connection 477 has disconnected 
New connection! ( 480 ) 
Connection 480 has disconnected 
New connection! ( 483 ) 
Connection 483 has disconnected 
New connection! ( 486 ) 
Connection 486 has disconnected 
New connection! ( 489 ) 
Connection 489 has disconnected 
New connection! ( 492 ) 
Connection 492 has disconnected 
New connection! ( 495 ) 
Connection 495 has disconnected 
New connection! ( 498 ) 
Connection 498 has disconnected 
New connection! ( 501 ) 
Connection 501 has disconnected 
New connection! ( 504 ) 
Connection 504 has disconnected 
New connection! ( 507 ) 
Connection 507 has disconnected 
New connection! ( 510 ) 
Connection 510 has disconnected 
New connection! ( 513 ) 
Connection 513 has disconnected 
New connection! ( 516 ) 
Connection 516 has disconnected 
New connection! ( 519 ) 
Connection 519 has disconnected 
New connection! ( 522 ) 
Connection 522 has disconnected 
New connection! ( 525 ) 
Connection 525 has disconnected 
New connection! ( 528 ) 
Connection 528 has disconnected 
New connection! ( 531 ) 
Connection 531 has disconnected 
New connection! ( 534 ) 
Connection 534 has disconnected 
New connection! ( 537 ) 
Connection 537 has disconnected 
New connection! ( 540 ) 
Connection 540 has disconnected 
New connection! ( 543 ) 
Connection 543 has disconnected 
New connection! ( 546 ) 
Connection 546 has disconnected 
New connection! ( 549 ) 
Connection 549 has disconnected 
New connection! ( 552 ) 
Connection 552 has disconnected 
New connection! ( 555 ) 
Connection 555 has disconnected 
New connection! ( 558 ) 
Connection 558 has disconnected 
New connection! ( 561 ) 
Connection 561 has disconnected 
New connection! ( 564 ) 
Connection 564 has disconnected 
New connection! ( 567 ) 
Connection 567 has disconnected 
New connection! ( 570 ) 
Connection 570 has disconnected 
New connection! ( 573 ) 
Connection 573 has disconnected 
New connection! ( 576 ) 
Connection 576 has disconnected 
New connection! ( 579 ) 
Connection 579 has disconnected 
New connection! ( 582 ) 
Connection 582 has disconnected 
New connection! ( 585 ) 
Connection 585 has disconnected 
New connection! ( 588 ) 
Connection 588 has disconnected 
New connection! ( 591 ) 
Connection 591 has disconnected 
New connection! ( 594 ) 
Connection 594 has disconnected 
New connection! ( 597 ) 
Connection 597 has disconnected 
New connection! ( 600 ) 
Connection 600 has disconnected 
New connection! ( 603 ) 
Connection 603 has disconnected 
New connection! ( 606 ) 
Connection 606 has disconnected 
New connection! ( 609 ) 
Connection 609 has disconnected 
New connection! ( 612 ) 
Connection 612 has disconnected 
New connection! ( 615 ) 
Connection 615 has disconnected 
New connection! ( 618 ) 
Connection 618 has disconnected 
New connection! ( 621 ) 
Connection 621 has disconnected 
New connection! ( 624 ) 
Connection 624 has disconnected 
New connection! ( 627 ) 
Connection 627 has disconnected 
New connection! ( 630 ) 
Connection 630 has disconnected 
New connection! ( 633 ) 
Connection 633 has disconnected 
New connection! ( 636 ) 
Connection 636 has disconnected 
New connection! ( 639 ) 
Connection 639 has disconnected 
New connection! ( 642 ) 
Connection 642 has disconnected 
New connection! ( 645 ) 
Connection 645 has disconnected 
New connection! ( 648 ) 
Connection 648 has disconnected 
New connection! ( 651 ) 
Connection 651 has disconnected 
New connection! ( 654 ) 
Connection 654 has disconnected 
New connection! ( 657 ) 
Connection 657 has disconnected 
New connection! ( 660 ) 
Connection 660 has disconnected 
New connection! ( 663 ) 
Connection 663 has disconnected 
New connection! ( 666 ) 
Connection 666 has disconnected 
New connection! ( 669 ) 
Connection 669 has disconnected 
New connection! ( 672 ) 
Connection 672 has disconnected 
New connection! ( 675 ) 
Connection 675 has disconnected 
New connection! ( 678 ) 
Connection 678 has disconnected 
New connection! ( 681 ) 
Connection 681 has disconnected 
New connection! ( 684 ) 
Connection 684 has disconnected 
New connection! ( 687 ) 
Connection 687 has disconnected 
New connection! ( 690 ) 
Connection 690 has disconnected 
New connection! ( 693 ) 
Connection 693 has disconnected 
New connection! ( 696 ) 
Connection 696 has disconnected 
New connection! ( 699 ) 
Connection 699 has disconnected 
New connection! ( 702 ) 
Connection 702 has disconnected 
New connection! ( 705 ) 
Connection 705 has disconnected 
New connection! ( 708 ) 
Connection 708 has disconnected 
New connection! ( 711 ) 
Connection 711 has disconnected 
New connection! ( 714 ) 
Connection 714 has disconnected 
New connection! ( 717 ) 
Connection 717 has disconnected 
New connection! ( 720 ) 
Connection 720 has disconnected 
New connection! ( 723 ) 
Connection 723 has disconnected 
New connection! ( 726 ) 
Connection 726 has disconnected 
New connection! ( 729 ) 
Connection 729 has disconnected 
New connection! ( 732 ) 
Connection 732 has disconnected 
New connection! ( 735 ) 
Connection 735 has disconnected 
New connection! ( 738 ) 
Connection 738 has disconnected 
New connection! ( 741 ) 
Connection 741 has disconnected 
New connection! ( 744 ) 
Connection 744 has disconnected 
New connection! ( 747 ) 
Connection 747 has disconnected 
New connection! ( 750 ) 
Connection 750 has disconnected 
New connection! ( 753 ) 
Connection 753 has disconnected 
New connection! ( 756 ) 
Connection 756 has disconnected 
New connection! ( 759 ) 
Connection 759 has disconnected 
New connection! ( 762 ) 
Connection 762 has disconnected 
New connection! ( 765 ) 
Connection 765 has disconnected 
New connection! ( 768 ) 
Connection 768 has disconnected 
New connection! ( 771 ) 
Connection 771 has disconnected 
New connection! ( 774 ) 
Connection 774 has disconnected 
New connection! ( 777 ) 
Connection 777 has disconnected 
New connection! ( 780 ) 
Connection 780 has disconnected 
New connection! ( 783 ) 
Connection 783 has disconnected 
New connection! ( 786 ) 
Connection 786 has disconnected 
New connection! ( 789 ) 
Connection 789 has disconnected 
New connection! ( 792 ) 
Connection 792 has disconnected 
New connection! ( 795 ) 
Connection 795 has disconnected 
New connection! ( 798 ) 
Connection 798 has disconnected 
New connection! ( 801 ) 
Connection 801 has disconnected 
New connection! ( 804 ) 
Connection 804 has disconnected 
New connection! ( 807 ) 
Connection 807 has disconnected 
New connection! ( 810 ) 
Connection 810 has disconnected 
New connection! ( 813 ) 
Connection 813 has disconnected 
New connection! ( 816 ) 
Connection 816 has disconnected 
New connection! ( 819 ) 
Connection 819 has disconnected 
New connection! ( 822 ) 
Connection 822 has disconnected 
New connection! ( 825 ) 
Connection 825 has disconnected 
New connection! ( 828 ) 
Connection 828 has disconnected 
New connection! ( 831 ) 
Connection 831 has disconnected 
New connection! ( 834 ) 
Connection 834 has disconnected 
New connection! ( 837 ) 
Connection 837 has disconnected 
New connection! ( 840 ) 
Connection 840 has disconnected 
New connection! ( 843 ) 
Connection 843 has disconnected 
New connection! ( 846 ) 
Connection 846 has disconnected 
New connection! ( 849 ) 
Connection 849 has disconnected 
New connection! ( 852 ) 
Connection 852 has disconnected 
New connection! ( 855 ) 
Connection 855 has disconnected 
New connection! ( 858 ) 
Connection 858 has disconnected 
New connection! ( 861 ) 
Connection 861 has disconnected 
New connection! ( 864 ) 
Connection 864 has disconnected 
New connection! ( 867 ) 
Connection 867 has disconnected 
New connection! ( 870 ) 
Connection 870 has disconnected 
New connection! ( 873 ) 
Connection 873 has disconnected 
New connection! ( 876 ) 
Connection 876 has disconnected 
New connection! ( 879 ) 
Connection 879 has disconnected 
New connection! ( 882 ) 
Connection 882 has disconnected 
New connection! ( 885 ) 
Connection 885 has disconnected 
